C:\USERS\USER\DESKTOP\CAR_CONTROLLER_104033112\DEBUG\ICNC.EXE
C:\Users\user\Desktop\CAR_CONTROLLER_104033112\Debug\iCNC.ilk
C:\USERS\USER\DESKTOP\CAR_CONTROLLER_104033112\DEBUG\ICNC.PDB
C:\USERS\USER\DESKTOP\CAR_CONTROLLER_104033112\ICNC\DEBUG\.NETFRAMEWORK,VERSION=V4.0.ASSEMBLYATTRIBUTES.OBJ
C:\USERS\USER\DESKTOP\CAR_CONTROLLER_104033112\ICNC\DEBUG\APP.RES
C:\USERS\USER\DESKTOP\CAR_CONTROLLER_104033112\ICNC\DEBUG\ASSEMBLYINFO.OBJ
C:\Users\user\Desktop\CAR_CONTROLLER_104033112\iCNC\Debug\cl.command.1.tlog
C:\Users\user\Desktop\CAR_CONTROLLER_104033112\iCNC\Debug\CL.read.1.tlog
C:\Users\user\Desktop\CAR_CONTROLLER_104033112\iCNC\Debug\CL.write.1.tlog
C:\USERS\USER\DESKTOP\CAR_CONTROLLER_104033112\ICNC\DEBUG\CNC_MAIN.OBJ
C:\USERS\USER\DESKTOP\CAR_CONTROLLER_104033112\ICNC\DEBUG\DEC_FUNCT.OBJ
C:\USERS\USER\DESKTOP\CAR_CONTROLLER_104033112\ICNC\DEBUG\DEC_MAIN.OBJ
C:\USERS\USER\DESKTOP\CAR_CONTROLLER_104033112\ICNC\DEBUG\ICNC.EXE.INTERMEDIATE.MANIFEST
C:\Users\user\Desktop\CAR_CONTROLLER_104033112\iCNC\Debug\iCNC.Form1.resources
C:\USERS\USER\DESKTOP\CAR_CONTROLLER_104033112\ICNC\DEBUG\ICNC.OBJ
C:\USERS\USER\DESKTOP\CAR_CONTROLLER_104033112\ICNC\DEBUG\ICNC.PCH
C:\Users\user\Desktop\CAR_CONTROLLER_104033112\iCNC\Debug\iCNC.vcxproj.GenerateResource.Cache
C:\Users\user\Desktop\CAR_CONTROLLER_104033112\iCNC\Debug\iCNC.vcxprojResolveAssemblyReference.cache
C:\Users\user\Desktop\CAR_CONTROLLER_104033112\iCNC\Debug\iCNC.write.1.tlog
C:\Users\user\Desktop\CAR_CONTROLLER_104033112\iCNC\Debug\link.1120.read.1.tlog
C:\Users\user\Desktop\CAR_CONTROLLER_104033112\iCNC\Debug\link.1120.write.1.tlog
C:\Users\user\Desktop\CAR_CONTROLLER_104033112\iCNC\Debug\link.1120-cvtres.read.1.tlog
C:\Users\user\Desktop\CAR_CONTROLLER_104033112\iCNC\Debug\link.1120-cvtres.write.1.tlog
C:\Users\user\Desktop\CAR_CONTROLLER_104033112\iCNC\Debug\link.command.1.tlog
C:\Users\user\Desktop\CAR_CONTROLLER_104033112\iCNC\Debug\link.read.1.tlog
C:\Users\user\Desktop\CAR_CONTROLLER_104033112\iCNC\Debug\link.write.1.tlog
C:\USERS\USER\DESKTOP\CAR_CONTROLLER_104033112\ICNC\DEBUG\LINK_FUNCT.OBJ
C:\USERS\USER\DESKTOP\CAR_CONTROLLER_104033112\ICNC\DEBUG\LINK_MAIN.OBJ
C:\Users\user\Desktop\CAR_CONTROLLER_104033112\iCNC\Debug\link-cvtres.read.1.tlog
C:\Users\user\Desktop\CAR_CONTROLLER_104033112\iCNC\Debug\link-cvtres.write.1.tlog
C:\Users\user\Desktop\CAR_CONTROLLER_104033112\iCNC\Debug\metagen.read.1.tlog
C:\Users\user\Desktop\CAR_CONTROLLER_104033112\iCNC\Debug\metagen.write.1.tlog
C:\Users\user\Desktop\CAR_CONTROLLER_104033112\iCNC\Debug\mt.command.1.tlog
C:\Users\user\Desktop\CAR_CONTROLLER_104033112\iCNC\Debug\mt.read.1.tlog
C:\Users\user\Desktop\CAR_CONTROLLER_104033112\iCNC\Debug\mt.write.1.tlog
C:\Users\user\Desktop\CAR_CONTROLLER_104033112\iCNC\Debug\rc.command.1.tlog
C:\Users\user\Desktop\CAR_CONTROLLER_104033112\iCNC\Debug\rc.read.1.tlog
C:\Users\user\Desktop\CAR_CONTROLLER_104033112\iCNC\Debug\rc.write.1.tlog
C:\Users\user\Desktop\CAR_CONTROLLER_104033112\iCNC\Debug\RSAENH.DLL.bi
C:\USERS\USER\DESKTOP\CAR_CONTROLLER_104033112\ICNC\DEBUG\STDAFX.OBJ
C:\Users\user\Desktop\CAR_CONTROLLER_104033112\iCNC\Debug\TZRES.DLL.bi
C:\USERS\USER\DESKTOP\CAR_CONTROLLER_104033112\ICNC\DEBUG\UTILITY.OBJ
C:\USERS\USER\DESKTOP\CAR_CONTROLLER_104033112\ICNC\DEBUG\VC100.PDB
C:\USERS\USER\DESKTOP\ICNC\DEBUG\ICNC.EXE
C:\USERS\USER\DESKTOP\ICNC\DEBUG\ICNC.PDB
C:\USERS\USER\DESKTOP\ICNC\ICNC\DEBUG\APP.RES
C:\USERS\USER\DESKTOP\ICNC\ICNC\DEBUG\ASSEMBLYINFO.OBJ
C:\USERS\USER\DESKTOP\ICNC\ICNC\DEBUG\CNC_MAIN.OBJ
C:\USERS\USER\DESKTOP\ICNC\ICNC\DEBUG\DEC_FUNCT.OBJ
C:\USERS\USER\DESKTOP\ICNC\ICNC\DEBUG\DEC_MAIN.OBJ
C:\USERS\USER\DESKTOP\ICNC\ICNC\DEBUG\ICNC.EXE.INTERMEDIATE.MANIFEST
C:\USERS\USER\DESKTOP\ICNC\ICNC\DEBUG\ICNC.OBJ
C:\USERS\USER\DESKTOP\ICNC\ICNC\DEBUG\ICNC.PCH
C:\USERS\USER\DESKTOP\ICNC\ICNC\DEBUG\STDAFX.OBJ
C:\USERS\USER\DESKTOP\ICNC\ICNC\DEBUG\VC100.PDB
E:\雷衛台\TSING\ICNC\DEBUG\ICNC.EXE
E:\雷衛台\TSING\ICNC\DEBUG\ICNC.PDB
E:\雷衛台\TSING\ICNC\ICNC\DEBUG\APP.RES
E:\雷衛台\TSING\ICNC\ICNC\DEBUG\ASSEMBLYINFO.OBJ
E:\雷衛台\TSING\ICNC\ICNC\DEBUG\CNC_MAIN.OBJ
E:\雷衛台\TSING\ICNC\ICNC\DEBUG\DEC_FUNCT.OBJ
E:\雷衛台\TSING\ICNC\ICNC\DEBUG\DEC_MAIN.OBJ
E:\雷衛台\TSING\ICNC\ICNC\DEBUG\ICNC.EXE.INTERMEDIATE.MANIFEST
E:\雷衛台\TSING\ICNC\ICNC\DEBUG\ICNC.OBJ
E:\雷衛台\TSING\ICNC\ICNC\DEBUG\ICNC.PCH
E:\雷衛台\TSING\ICNC\ICNC\DEBUG\STDAFX.OBJ
E:\雷衛台\TSING\ICNC\ICNC\DEBUG\VC100.PDB
G:\CAR_CONTROLLER_104033112\DEBUG\ICNC.EXE
G:\CAR_CONTROLLER_104033112\DEBUG\ICNC.PDB
G:\CAR_CONTROLLER_104033112\ICNC\DEBUG\APP.RES
G:\CAR_CONTROLLER_104033112\ICNC\DEBUG\ASSEMBLYINFO.OBJ
G:\CAR_CONTROLLER_104033112\ICNC\DEBUG\CNC_MAIN.OBJ
G:\CAR_CONTROLLER_104033112\ICNC\DEBUG\DEC_FUNCT.OBJ
G:\CAR_CONTROLLER_104033112\ICNC\DEBUG\DEC_MAIN.OBJ
G:\CAR_CONTROLLER_104033112\ICNC\DEBUG\ICNC.EXE.INTERMEDIATE.MANIFEST
G:\CAR_CONTROLLER_104033112\ICNC\DEBUG\ICNC.OBJ
G:\CAR_CONTROLLER_104033112\ICNC\DEBUG\ICNC.PCH
G:\CAR_CONTROLLER_104033112\ICNC\DEBUG\STDAFX.OBJ
G:\CAR_CONTROLLER_104033112\ICNC\DEBUG\VC100.PDB
