Build started 2016/5/18 下午 10:34:19.
     1>Project "C:\Users\user\Desktop\iCNC_104033112\iCNC_104033112\iCNC\iCNC.vcxproj" on node 2 (build target(s)).
     1>InitializeBuildStatus:
         Touching "Debug\iCNC.unsuccessfulbuild".
       GenerateTargetFrameworkMonikerAttribute:
       Skipping target "GenerateTargetFrameworkMonikerAttribute" because all output files are up-to-date with respect to the input files.
       ClCompile:
         All outputs are up-to-date.
         C:\Program Files (x86)\Microsoft Visual Studio 10.0\VC\bin\CL.exe /c /AI"C:\Program Files (x86)\Reference Assemblies\Microsoft\Framework\.NETFramework\v4.0" /Zi /clr:pure /nologo /W3 /WX- /Od /Oy- /D WIN32 /D _DEBUG /D _UNICODE /D UNICODE /EHa /MDd /GS /fp:precise /Zc:wchar_t /Zc:forScope /Yu"StdAfx.h" /Fp"Debug\iCNC.pch" /Fo"Debug\\" /Fd"Debug\vc100.pdb" /TP /FU"C:\Program Files (x86)\Reference Assemblies\Microsoft\Framework\.NETFramework\v4.0\System.Core.dll" /FU"C:\Program Files (x86)\Reference Assemblies\Microsoft\Framework\.NETFramework\v4.0\System.Data.dll" /FU"C:\Program Files (x86)\Reference Assemblies\Microsoft\Framework\.NETFramework\v4.0\System.dll" /FU"C:\Program Files (x86)\Reference Assemblies\Microsoft\Framework\.NETFramework\v4.0\System.Drawing.dll" /FU"C:\Program Files (x86)\Reference Assemblies\Microsoft\Framework\.NETFramework\v4.0\System.Windows.Forms.dll" /FU"C:\Program Files (x86)\Reference Assemblies\Microsoft\Framework\.NETFramework\v4.0\System.Xml.dll" /analyze- /errorReport:prompt iCNC.cpp /clr:nostdlib 
         iCNC.cpp
         All outputs are up-to-date.
       CoreResGen:
         No resources are out of date with respect to their source files. Skipping resource generation.
       ResourceCompile:
         All outputs are up-to-date.
       Link:
         C:\Program Files (x86)\Microsoft Visual Studio 10.0\VC\bin\link.exe /ERRORREPORT:PROMPT /OUT:"C:\Users\user\Desktop\iCNC_104033112\iCNC_104033112\Debug\iCNC.exe" /INCREMENTAL:NO /NOLOGO /ASSEMBLYRESOURCE:Debug\iCNC.Form1.resources /MANIFEST /ManifestFile:"Debug\iCNC.exe.intermediate.manifest" /MANIFESTUAC:"level='asInvoker' uiAccess='false'" /DEBUG /PDB:"C:\Users\user\Desktop\iCNC_104033112\iCNC_104033112\Debug\iCNC.pdb" /ASSEMBLYDEBUG /SUBSYSTEM:WINDOWS /TLBID:1 /ENTRY:"main" /DYNAMICBASE /FIXED:NO /NXCOMPAT /MACHINE:X86 Debug\app.res
         Debug\AssemblyInfo.obj
         Debug\cnc_main.obj
         Debug\dec_funct.obj
         Debug\dec_main.obj
         Debug\iCNC.obj
         Debug\intp_main.obj
         Debug\link_main.obj
         Debug\mmi_funct.obj
         Debug\mmi_main.obj
         Debug\stdafx.obj
         Debug\utility.obj
         "Debug\.NETFramework,Version=v4.0.AssemblyAttributes.obj"
         iCNC.vcxproj -> C:\Users\user\Desktop\iCNC_104033112\iCNC_104033112\Debug\iCNC.exe
       Manifest:
         C:\Program Files (x86)\Microsoft SDKs\Windows\v7.0A\bin\mt.exe /nologo /verbose /outputresource:"C:\Users\user\Desktop\iCNC_104033112\iCNC_104033112\Debug\iCNC.exe;#1" /manifest Debug\iCNC.exe.intermediate.manifest
       FinalizeBuildStatus:
         Deleting file "Debug\iCNC.unsuccessfulbuild".
         Touching "Debug\iCNC.lastbuildstate".
     1>Done Building Project "C:\Users\user\Desktop\iCNC_104033112\iCNC_104033112\iCNC\iCNC.vcxproj" (build target(s)).

Build succeeded.

Time Elapsed 00:00:00.77
